#
# There is insufficient memory for the Java Runtime Environment to continue.
# Native memory allocation (malloc) failed to allocate 1013776 bytes for Chunk::new
# Possible reasons:
#   The system is out of physical RAM or swap space
#   In 32 bit mode, the process size limit was hit
# Possible solutions:
#   Reduce memory load on the system
#   Increase physical memory or swap space
#   Check if swap backing store is full
#   Use 64 bit Java on a 64 bit OS
#   Decrease Java heap size (-Xmx/-Xms)
#   Decrease number of Java threads
#   Decrease Java thread stack sizes (-Xss)
#   Set larger code cache with -XX:ReservedCodeCacheSize=
# This output file may be truncated or incomplete.
#
#  Out of Memory Error (allocation.cpp:390), pid=10540, tid=0x0000000000000b7c
#
# JRE version: Java(TM) SE Runtime Environment (8.0_181-b13) (build 1.8.0_181-b13)
# Java VM: Java HotSpot(TM) 64-Bit Server VM (25.181-b13 mixed mode windows-amd64 compressed oops)
# Failed to write core dump. Minidumps are not enabled by default on client versions of Windows
#

---------------  T H R E A D  ---------------

Current thread (0x000000001935d000):  JavaThread "C2 CompilerThread1" daemon [_thread_in_native, id=2940, stack(0x0000000019f60000,0x000000001a060000)]

Stack: [0x0000000019f60000,0x000000001a060000]
[error occurred during error reporting (printing stack bounds), id 0xc0000005]

Native frames: (J=compiled Java code, j=interpreted, Vv=VM code, C=native code)


Current CompileTask:
C2:   9059 3341       4       java.security.SecureClassLoader::defineClass (16 bytes)


---------------  P R O C E S S  ---------------

Java Threads: ( => current thread )
  0x000000001be5a000 JavaThread "elasticsearch[_client_][[timer]]" daemon [_thread_blocked, id=7112, stack(0x0000000020f80000,0x0000000021080000)]
  0x000000001be58800 JavaThread "container-0" [_thread_blocked, id=15132, stack(0x0000000020c80000,0x0000000020d80000)]
  0x000000001be5d800 JavaThread "Catalina-utility-2" [_thread_blocked, id=5652, stack(0x000000001fb50000,0x000000001fc50000)]
  0x000000001be5d000 JavaThread "Catalina-utility-1" [_thread_blocked, id=7184, stack(0x000000001fa50000,0x000000001fb50000)]
  0x000000001963a000 JavaThread "Service Thread" daemon [_thread_blocked, id=2708, stack(0x000000001a160000,0x000000001a260000)]
  0x000000001935d800 JavaThread "C1 CompilerThread2" daemon [_thread_blocked, id=15256, stack(0x000000001a060000,0x000000001a160000)]
=>0x000000001935d000 JavaThread "C2 CompilerThread1" daemon [_thread_in_native, id=2940, stack(0x0000000019f60000,0x000000001a060000)]
  0x0000000019357800 JavaThread "C2 CompilerThread0" daemon [_thread_blocked, id=2132, stack(0x0000000019e60000,0x0000000019f60000)]
  0x00000000195de800 JavaThread "Monitor Ctrl-Break" daemon [_thread_in_native, id=13456, stack(0x0000000019d60000,0x0000000019e60000)]
  0x0000000017c19000 JavaThread "Attach Listener" daemon [_thread_blocked, id=14344, stack(0x0000000019460000,0x0000000019560000)]
  0x0000000017c05000 JavaThread "Signal Dispatcher" daemon [_thread_blocked, id=14724, stack(0x0000000019360000,0x0000000019460000)]
  0x0000000002fab800 JavaThread "Finalizer" daemon [_thread_blocked, id=8204, stack(0x0000000018e60000,0x0000000018f60000)]
  0x0000000002fa8000 JavaThread "Reference Handler" daemon [_thread_blocked, id=14208, stack(0x0000000018d60000,0x0000000018e60000)]
  0x0000000002eb9000 JavaThread "main" [_thread_in_vm, id=8040, stack(0x0000000002db0000,0x0000000002eb0000)]

Other Threads:
  0x0000000017bb7800 VMThread [stack: 0x0000000018c60000,0x0000000018d60000] [id=5844]
  0x000000001968c000 WatcherThread [stack: 0x000000001a260000,0x000000001a360000] [id=3460]

VM state:not at safepoint (normal execution)

VM Mutex/Monitor currently owned by a thread: None

Heap:
 PSYoungGen      total 224256K, used 113180K [0x00000000d5e00000, 0x00000000e4980000, 0x0000000100000000)
  eden space 208384K, 54% used [0x00000000d5e00000,0x00000000dcc87008,0x00000000e2980000)
  from space 15872K, 0% used [0x00000000e3800000,0x00000000e3800000,0x00000000e4780000)
  to   space 14848K, 0% used [0x00000000e2980000,0x00000000e2980000,0x00000000e3800000)
 ParOldGen       total 58880K, used 22538K [0x0000000081a00000, 0x0000000085380000, 0x00000000d5e00000)
  object space 58880K, 38% used [0x0000000081a00000,0x0000000083002b90,0x0000000085380000)
 Metaspace       used 46625K, capacity 48724K, committed 48984K, reserved 1091584K
  class space    used 6138K, capacity 6728K, committed 6744K, reserved 1048576K

Card table byte_map: [0x0000000012470000,0x0000000012870000] byte_map_base: 0x0000000012063000

Marking Bits: (ParMarkBitMap*) 0x00000000681d2d00
 Begin Bits: [0x0000000012f20000, 0x0000000014eb8000)
 End Bits:   [0x0000000014eb8000, 0x0000000016e50000)

Polling page: 0x0000000000ed0000

CodeCache: size=245760Kb used=11900Kb max_used=11900Kb free=233859Kb
 bounds [0x00000000030b0000, 0x0000000003c60000, 0x00000000120b0000]
 total_blobs=3854 nmethods=3309 adapters=457
 compilation: enabled

Compilation events (10 events):
Event: 9.006 Thread 0x000000001935d800 3348       3       java.util.Collections$UnmodifiableMap$UnmodifiableEntrySet$1::next (5 bytes)
Event: 9.006 Thread 0x000000001935d800 nmethod 3348 0x0000000003c44c50 code [0x0000000003c44e00, 0x0000000003c45418]
Event: 9.006 Thread 0x000000001935d800 3349       3       java.util.Collections$UnmodifiableMap$UnmodifiableEntrySet$1::next (20 bytes)
Event: 9.006 Thread 0x000000001935d800 nmethod 3349 0x0000000003c44210 code [0x0000000003c443c0, 0x0000000003c44958]
Event: 9.012 Thread 0x000000001935d800 3350       3       java.util.stream.AbstractPipeline::<init> (91 bytes)
Event: 9.012 Thread 0x000000001935d800 nmethod 3350 0x0000000003c54390 code [0x0000000003c54540, 0x0000000003c54b18]
Event: 9.012 Thread 0x000000001935d800 3351       3       java.util.stream.Sink$ChainedReference::<init> (16 bytes)
Event: 9.013 Thread 0x000000001935d800 nmethod 3351 0x0000000003c53d90 code [0x0000000003c53f00, 0x0000000003c54228]
Event: 9.013 Thread 0x000000001935d800 3352       3       org.apache.logging.log4j.spi.LoggerRegistry::getOrCreateInnerMap (42 bytes)
Event: 9.013 Thread 0x000000001935d800 nmethod 3352 0x0000000003c53290 code [0x0000000003c53440, 0x0000000003c53ab8]

GC Heap History (10 events):
Event: 3.104 GC heap before
{Heap before GC invocations=4 (full 0):
 PSYoungGen      total 71680K, used 38135K [0x00000000d5e00000, 0x00000000dea00000, 0x0000000100000000)
  eden space 66560K, 49% used [0x00000000d5e00000,0x00000000d7e454a8,0x00000000d9f00000)
  from space 5120K, 99% used [0x00000000d9f00000,0x00000000da3f87b0,0x00000000da400000)
  to   space 5120K, 0% used [0x00000000de500000,0x00000000de500000,0x00000000dea00000)
 ParOldGen       total 87552K, used 3631K [0x0000000081a00000, 0x0000000086f80000, 0x00000000d5e00000)
  object space 87552K, 4% used [0x0000000081a00000,0x0000000081d8bda8,0x0000000086f80000)
 Metaspace       used 20639K, capacity 21104K, committed 21248K, reserved 1067008K
  class space    used 2617K, capacity 2750K, committed 2816K, reserved 1048576K
Event: 3.116 GC heap after
Heap after GC invocations=4 (full 0):
 PSYoungGen      total 138240K, used 5119K [0x00000000d5e00000, 0x00000000dea00000, 0x0000000100000000)
  eden space 133120K, 0% used [0x00000000d5e00000,0x00000000d5e00000,0x00000000de000000)
  from space 5120K, 99% used [0x00000000de500000,0x00000000de9ffd30,0x00000000dea00000)
  to   space 5120K, 0% used [0x00000000de000000,0x00000000de000000,0x00000000de500000)
 ParOldGen       total 87552K, used 6368K [0x0000000081a00000, 0x0000000086f80000, 0x00000000d5e00000)
  object space 87552K, 7% used [0x0000000081a00000,0x00000000820382f0,0x0000000086f80000)
 Metaspace       used 20639K, capacity 21104K, committed 21248K, reserved 1067008K
  class space    used 2617K, capacity 2750K, committed 2816K, reserved 1048576K
}
Event: 3.116 GC heap before
{Heap before GC invocations=5 (full 1):
 PSYoungGen      total 138240K, used 5119K [0x00000000d5e00000, 0x00000000dea00000, 0x0000000100000000)
  eden space 133120K, 0% used [0x00000000d5e00000,0x00000000d5e00000,0x00000000de000000)
  from space 5120K, 99% used [0x00000000de500000,0x00000000de9ffd30,0x00000000dea00000)
  to   space 5120K, 0% used [0x00000000de000000,0x00000000de000000,0x00000000de500000)
 ParOldGen       total 87552K, used 6368K [0x0000000081a00000, 0x0000000086f80000, 0x00000000d5e00000)
  object space 87552K, 7% used [0x0000000081a00000,0x00000000820382f0,0x0000000086f80000)
 Metaspace       used 20639K, capacity 21104K, committed 21248K, reserved 1067008K
  class space    used 2617K, capacity 2750K, committed 2816K, reserved 1048576K
Event: 3.163 GC heap after
Heap after GC invocations=5 (full 1):
 PSYoungGen      total 138240K, used 0K [0x00000000d5e00000, 0x00000000dea00000, 0x0000000100000000)
  eden space 133120K, 0% used [0x00000000d5e00000,0x00000000d5e00000,0x00000000de000000)
  from space 5120K, 0% used [0x00000000de500000,0x00000000de500000,0x00000000dea00000)
  to   space 5120K, 0% used [0x00000000de000000,0x00000000de000000,0x00000000de500000)
 ParOldGen       total 58880K, used 7687K [0x0000000081a00000, 0x0000000085380000, 0x00000000d5e00000)
  object space 58880K, 13% used [0x0000000081a00000,0x0000000082181e30,0x0000000085380000)
 Metaspace       used 20639K, capacity 21104K, committed 21248K, reserved 1067008K
  class space    used 2617K, capacity 2750K, committed 2816K, reserved 1048576K
}
Event: 6.978 GC heap before
{Heap before GC invocations=6 (full 1):
 PSYoungGen      total 138240K, used 133120K [0x00000000d5e00000, 0x00000000dea00000, 0x0000000100000000)
  eden space 133120K, 100% used [0x00000000d5e00000,0x00000000de000000,0x00000000de000000)
  from space 5120K, 0% used [0x00000000de500000,0x00000000de500000,0x00000000dea00000)
  to   space 5120K, 0% used [0x00000000de000000,0x00000000de000000,0x00000000de500000)
 ParOldGen       total 58880K, used 7717K [0x0000000081a00000, 0x0000000085380000, 0x00000000d5e00000)
  object space 58880K, 13% used [0x0000000081a00000,0x00000000821897d0,0x0000000085380000)
 Metaspace       used 31785K, capacity 33052K, committed 33280K, reserved 1079296K
  class space    used 4060K, capacity 4308K, committed 4352K, reserved 1048576K
Event: 6.992 GC heap after
Heap after GC invocations=6 (full 1):
 PSYoungGen      total 138240K, used 5103K [0x00000000d5e00000, 0x00000000e4780000, 0x0000000100000000)
  eden space 133120K, 0% used [0x00000000d5e00000,0x00000000d5e00000,0x00000000de000000)
  from space 5120K, 99% used [0x00000000de000000,0x00000000de4fbc60,0x00000000de500000)
  to   space 15872K, 0% used [0x00000000e3800000,0x00000000e3800000,0x00000000e4780000)
 ParOldGen       total 58880K, used 18804K [0x0000000081a00000, 0x0000000085380000, 0x00000000d5e00000)
  object space 58880K, 31% used [0x0000000081a00000,0x0000000082c5d150,0x0000000085380000)
 Metaspace       used 31785K, capacity 33052K, committed 33280K, reserved 1079296K
  class space    used 4060K, capacity 4308K, committed 4352K, reserved 1048576K
}
Event: 7.342 GC heap before
{Heap before GC invocations=7 (full 1):
 PSYoungGen      total 138240K, used 37145K [0x00000000d5e00000, 0x00000000e4780000, 0x0000000100000000)
  eden space 133120K, 24% used [0x00000000d5e00000,0x00000000d7d4a7a0,0x00000000de000000)
  from space 5120K, 99% used [0x00000000de000000,0x00000000de4fbc60,0x00000000de500000)
  to   space 15872K, 0% used [0x00000000e3800000,0x00000000e3800000,0x00000000e4780000)
 ParOldGen       total 58880K, used 18804K [0x0000000081a00000, 0x0000000085380000, 0x00000000d5e00000)
  object space 58880K, 31% used [0x0000000081a00000,0x0000000082c5d150,0x0000000085380000)
 Metaspace       used 34008K, capacity 35318K, committed 35416K, reserved 1079296K
  class space    used 4328K, capacity 4615K, committed 4696K, reserved 1048576K
Event: 7.353 GC heap after
Heap after GC invocations=7 (full 1):
 PSYoungGen      total 224256K, used 7633K [0x00000000d5e00000, 0x00000000e4980000, 0x0000000100000000)
  eden space 208384K, 0% used [0x00000000d5e00000,0x00000000d5e00000,0x00000000e2980000)
  from space 15872K, 48% used [0x00000000e3800000,0x00000000e3f746d8,0x00000000e4780000)
  to   space 14848K, 0% used [0x00000000e2980000,0x00000000e2980000,0x00000000e3800000)
 ParOldGen       total 58880K, used 18876K [0x0000000081a00000, 0x0000000085380000, 0x00000000d5e00000)
  object space 58880K, 32% used [0x0000000081a00000,0x0000000082c6f160,0x0000000085380000)
 Metaspace       used 34008K, capacity 35318K, committed 35416K, reserved 1079296K
  class space    used 4328K, capacity 4615K, committed 4696K, reserved 1048576K
}
Event: 7.353 GC heap before
{Heap before GC invocations=8 (full 2):
 PSYoungGen      total 224256K, used 7633K [0x00000000d5e00000, 0x00000000e4980000, 0x0000000100000000)
  eden space 208384K, 0% used [0x00000000d5e00000,0x00000000d5e00000,0x00000000e2980000)
  from space 15872K, 48% used [0x00000000e3800000,0x00000000e3f746d8,0x00000000e4780000)
  to   space 14848K, 0% used [0x00000000e2980000,0x00000000e2980000,0x00000000e3800000)
 ParOldGen       total 58880K, used 18876K [0x0000000081a00000, 0x0000000085380000, 0x00000000d5e00000)
  object space 58880K, 32% used [0x0000000081a00000,0x0000000082c6f160,0x0000000085380000)
 Metaspace       used 34008K, capacity 35318K, committed 35416K, reserved 1079296K
  class space    used 4328K, capacity 4615K, committed 4696K, reserved 1048576K
Event: 7.433 GC heap after
Heap after GC invocations=8 (full 2):
 PSYoungGen      total 224256K, used 0K [0x00000000d5e00000, 0x00000000e4980000, 0x0000000100000000)
  eden space 208384K, 0% used [0x00000000d5e00000,0x00000000d5e00000,0x00000000e2980000)
  from space 15872K, 0% used [0x00000000e3800000,0x00000000e3800000,0x00000000e4780000)
  to   space 14848K, 0% used [0x00000000e2980000,0x00000000e2980000,0x00000000e3800000)
 ParOldGen       total 58880K, used 22538K [0x0000000081a00000, 0x0000000085380000, 0x00000000d5e00000)
  object space 58880K, 38% used [0x0000000081a00000,0x0000000083002b90,0x0000000085380000)
 Metaspace       used 34008K, capacity 35318K, committed 35416K, reserved 1079296K
  class space    used 4328K, capacity 4615K, committed 4696K, reserved 1048576K
}

Deoptimization events (10 events):
Event: 5.658 Thread 0x0000000002eb9000 Uncommon trap: reason=predicate action=maybe_recompile pc=0x00000000034a78a8 method=java.lang.String.regionMatches(ZILjava/lang/String;II)Z @ 63
Event: 6.957 Thread 0x0000000002eb9000 Uncommon trap: reason=class_check action=maybe_recompile pc=0x0000000003583534 method=java.util.zip.InflaterInputStream.read([BII)I @ 100
Event: 6.957 Thread 0x0000000002eb9000 Uncommon trap: reason=class_check action=maybe_recompile pc=0x0000000003583534 method=java.util.zip.InflaterInputStream.read([BII)I @ 100
Event: 6.957 Thread 0x0000000002eb9000 Uncommon trap: reason=class_check action=maybe_recompile pc=0x0000000003583534 method=java.util.zip.InflaterInputStream.read([BII)I @ 100
Event: 6.958 Thread 0x0000000002eb9000 Uncommon trap: reason=class_check action=maybe_recompile pc=0x0000000003583534 method=java.util.zip.InflaterInputStream.read([BII)I @ 100
Event: 7.200 Thread 0x0000000002eb9000 Uncommon trap: reason=bimorphic action=maybe_recompile pc=0x0000000003a5483c method=java.util.Hashtable.get(Ljava/lang/Object;)Ljava/lang/Object; @ 6
Event: 7.200 Thread 0x0000000002eb9000 Uncommon trap: reason=bimorphic action=maybe_recompile pc=0x0000000003a5483c method=java.util.Hashtable.get(Ljava/lang/Object;)Ljava/lang/Object; @ 6
Event: 8.050 Thread 0x0000000002eb9000 Uncommon trap: reason=class_check action=maybe_recompile pc=0x0000000003a072d4 method=java.util.AbstractList$Itr.hasNext()Z @ 8
Event: 8.050 Thread 0x0000000002eb9000 Uncommon trap: reason=class_check action=maybe_recompile pc=0x00000000039e8f44 method=java.util.AbstractList$Itr.next()Ljava/lang/Object; @ 14
Event: 8.283 Thread 0x0000000002eb9000 Uncommon trap: reason=unstable_if action=reinterpret pc=0x00000000039ecdb0 method=jdk.internal.org.objectweb.asm.Type.getArgumentsAndReturnSizes(Ljava/lang/String;)I @ 41

Classes redefined (0 events):
No events

Internal exceptions (10 events):
Event: 8.356 Thread 0x0000000002eb9000 Exception <a 'java/lang/IncompatibleClassChangeError': Found class java.lang.Object, but interface was expected> (0x00000000d8a95d60) thrown at [C:\re\workspace\8-2-build-windows-amd64-cygwin\jdk8u181\11358\hotspot\src\share\vm\interpreter\linkResolver.cp
Event: 8.376 Thread 0x0000000002eb9000 Exception <a 'java/lang/IncompatibleClassChangeError': Found class java.lang.Object, but interface was expected> (0x00000000d8c77850) thrown at [C:\re\workspace\8-2-build-windows-amd64-cygwin\jdk8u181\11358\hotspot\src\share\vm\interpreter\linkResolver.cp
Event: 8.477 Thread 0x0000000002eb9000 Exception <a 'java/lang/IncompatibleClassChangeError': Found class java.lang.Object, but interface was expected> (0x00000000d94ade18) thrown at [C:\re\workspace\8-2-build-windows-amd64-cygwin\jdk8u181\11358\hotspot\src\share\vm\interpreter\linkResolver.cp
Event: 8.495 Thread 0x0000000002eb9000 Exception <a 'java/lang/IncompatibleClassChangeError': Found class java.lang.Object, but interface was expected> (0x00000000d960a3f8) thrown at [C:\re\workspace\8-2-build-windows-amd64-cygwin\jdk8u181\11358\hotspot\src\share\vm\interpreter\linkResolver.cp
Event: 8.526 Thread 0x0000000002eb9000 Exception <a 'java/lang/IncompatibleClassChangeError': Found class java.lang.Object, but interface was expected> (0x00000000d97d2500) thrown at [C:\re\workspace\8-2-build-windows-amd64-cygwin\jdk8u181\11358\hotspot\src\share\vm\interpreter\linkResolver.cp
Event: 8.537 Thread 0x0000000002eb9000 Exception <a 'java/lang/IncompatibleClassChangeError': Found class java.lang.Object, but interface was expected> (0x00000000d9874340) thrown at [C:\re\workspace\8-2-build-windows-amd64-cygwin\jdk8u181\11358\hotspot\src\share\vm\interpreter\linkResolver.cp
Event: 8.713 Thread 0x0000000002eb9000 Exception <a 'java/lang/IncompatibleClassChangeError': Found class java.lang.Object, but interface was expected> (0x00000000da7efc18) thrown at [C:\re\workspace\8-2-build-windows-amd64-cygwin\jdk8u181\11358\hotspot\src\share\vm\interpreter\linkResolver.cp
Event: 8.755 Thread 0x0000000002eb9000 Exception <a 'java/lang/IncompatibleClassChangeError': Found class java.lang.Object, but interface was expected> (0x00000000dabafdb0) thrown at [C:\re\workspace\8-2-build-windows-amd64-cygwin\jdk8u181\11358\hotspot\src\share\vm\interpreter\linkResolver.cp
Event: 8.764 Thread 0x0000000002eb9000 Exception <a 'java/lang/IncompatibleClassChangeError': Found class java.lang.Object, but interface was expected> (0x00000000dac848d8) thrown at [C:\re\workspace\8-2-build-windows-amd64-cygwin\jdk8u181\11358\hotspot\src\share\vm\interpreter\linkResolver.cp
Event: 9.020 Thread 0x0000000002eb9000 Exception <a 'java/lang/NoSuchMethodError': java.lang.Object.lambda$newWriteableReader$0(Ljava/util/function/Supplier;Lorg/elasticsearch/common/io/stream/StreamInput;)Lorg/elasticsearch/common/io/stream/Streamable;> (0x00000000dc785c30) thrown at [C:\re\w

Events (10 events):
Event: 9.052 loading class org/elasticsearch/common/inject/matcher/Matchers$IdenticalTo
Event: 9.052 loading class org/elasticsearch/common/inject/matcher/Matchers$IdenticalTo done
Event: 9.052 loading class org/elasticsearch/common/inject/TypeConverterBindingProcessor$6
Event: 9.052 loading class org/elasticsearch/common/inject/TypeConverterBindingProcessor$6 done
Event: 9.053 loading class org/elasticsearch/common/inject/internal/MatcherAndConverter
Event: 9.053 loading class org/elasticsearch/common/inject/internal/MatcherAndConverter done
Event: 9.053 loading class org/elasticsearch/common/inject/TypeConverterBindingProcessor$1
Event: 9.053 loading class org/elasticsearch/common/inject/TypeConverterBindingProcessor$1 done
Event: 9.054 loading class org/elasticsearch/common/inject/matcher/Matchers$SubclassesOf
Event: 9.054 loading class org/elasticsearch/common/inject/matcher/Matchers$SubclassesOf done


Dynamic libraries:
0x00007ff7992c0000 - 0x00007ff7992f7000 	C:\Program Files\Java\jdk1.8.0_181\bin\java.exe
0x00007ffb99770000 - 0x00007ffb99951000 	C:\WINDOWS\SYSTEM32\ntdll.dll
0x00007ffb98f30000 - 0x00007ffb98fe1000 	C:\WINDOWS\System32\KERNEL32.DLL
0x00007ffb96780000 - 0x00007ffb969f3000 	C:\WINDOWS\System32\KERNELBASE.dll
0x00007ffb98ff0000 - 0x00007ffb99091000 	C:\WINDOWS\System32\ADVAPI32.dll
0x00007ffb98c60000 - 0x00007ffb98cfe000 	C:\WINDOWS\System32\msvcrt.dll
0x00007ffb99530000 - 0x00007ffb9958b000 	C:\WINDOWS\System32\sechost.dll
0x00007ffb98620000 - 0x00007ffb98744000 	C:\WINDOWS\System32\RPCRT4.dll
0x00007ffb99590000 - 0x00007ffb99720000 	C:\WINDOWS\System32\USER32.dll
0x00007ffb95f60000 - 0x00007ffb95f80000 	C:\WINDOWS\System32\win32u.dll
0x00007ffb98c20000 - 0x00007ffb98c48000 	C:\WINDOWS\System32\GDI32.dll
0x00007ffb96a00000 - 0x00007ffb96b92000 	C:\WINDOWS\System32\gdi32full.dll
0x00007ffb95f80000 - 0x00007ffb9601f000 	C:\WINDOWS\System32\msvcp_win.dll
0x00007ffb95db0000 - 0x00007ffb95ea8000 	C:\WINDOWS\System32\ucrtbase.dll
0x00007ffb898e0000 - 0x00007ffb89b49000 	C:\WINDOWS\WinSxS\amd64_microsoft.windows.common-controls_6595b64144ccf1df_6.0.17134.706_none_fb43a2cb30647007\COMCTL32.dll
0x00007ffb99200000 - 0x00007ffb99522000 	C:\WINDOWS\System32\combase.dll
0x00007ffb95b40000 - 0x00007ffb95bba000 	C:\WINDOWS\System32\bcryptPrimitives.dll
0x00007ffb96c00000 - 0x00007ffb96c2d000 	C:\WINDOWS\System32\IMM32.DLL
0x0000000068260000 - 0x0000000068332000 	C:\Program Files\Java\jdk1.8.0_181\jre\bin\msvcr100.dll
0x00000000679b0000 - 0x0000000068252000 	C:\Program Files\Java\jdk1.8.0_181\jre\bin\server\jvm.dll
0x00007ffb98070000 - 0x00007ffb98078000 	C:\WINDOWS\System32\PSAPI.DLL
0x00007ffb914a0000 - 0x00007ffb914a9000 	C:\WINDOWS\SYSTEM32\WSOCK32.dll
0x00007ffb981e0000 - 0x00007ffb9824c000 	C:\WINDOWS\System32\WS2_32.dll
0x00007ffb8fd90000 - 0x00007ffb8fdb3000 	C:\WINDOWS\SYSTEM32\WINMM.dll
0x00007ffb8f890000 - 0x00007ffb8f89a000 	C:\WINDOWS\SYSTEM32\VERSION.dll
0x00007ffb8fd60000 - 0x00007ffb8fd8a000 	C:\WINDOWS\SYSTEM32\WINMMBASE.dll
0x00007ffb96020000 - 0x00007ffb96069000 	C:\WINDOWS\System32\cfgmgr32.dll
0x00000000679a0000 - 0x00000000679af000 	C:\Program Files\Java\jdk1.8.0_181\jre\bin\verify.dll
0x0000000067970000 - 0x0000000067999000 	C:\Program Files\Java\jdk1.8.0_181\jre\bin\java.dll
0x0000000067780000 - 0x00000000677a3000 	C:\Program Files\Java\jdk1.8.0_181\jre\bin\instrument.dll
0x0000000067950000 - 0x0000000067966000 	C:\Program Files\Java\jdk1.8.0_181\jre\bin\zip.dll
0x00007ffb96c30000 - 0x00007ffb98070000 	C:\WINDOWS\System32\SHELL32.dll
0x00007ffb98e80000 - 0x00007ffb98f29000 	C:\WINDOWS\System32\shcore.dll
0x00007ffb96070000 - 0x00007ffb9677d000 	C:\WINDOWS\System32\windows.storage.dll
0x00007ffb98080000 - 0x00007ffb980d1000 	C:\WINDOWS\System32\shlwapi.dll
0x00007ffb95ae0000 - 0x00007ffb95af1000 	C:\WINDOWS\System32\kernel.appcore.dll
0x00007ffb95b00000 - 0x00007ffb95b1f000 	C:\WINDOWS\System32\profapi.dll
0x00007ffb95a90000 - 0x00007ffb95adc000 	C:\WINDOWS\System32\powrprof.dll
0x00007ffb95a80000 - 0x00007ffb95a8a000 	C:\WINDOWS\System32\FLTLIB.DLL
0x00007ffb911a0000 - 0x00007ffb911ba000 	C:\Program Files\JetBrains\IntelliJ IDEA Community Edition 2018.2.3\bin\breakgen64.dll
0x0000000067930000 - 0x000000006794a000 	C:\Program Files\Java\jdk1.8.0_181\jre\bin\net.dll
0x00007ffb95300000 - 0x00007ffb95366000 	C:\WINDOWS\system32\mswsock.dll
0x0000000067900000 - 0x000000006790d000 	C:\Program Files\Java\jdk1.8.0_181\jre\bin\management.dll
0x00007ffb7c2e0000 - 0x00007ffb7c2f6000 	C:\WINDOWS\system32\napinsp.dll
0x00007ffb7c2c0000 - 0x00007ffb7c2da000 	C:\WINDOWS\system32\pnrpnsp.dll
0x00007ffb92890000 - 0x00007ffb928a9000 	C:\WINDOWS\system32\NLAapi.dll
0x00007ffb950c0000 - 0x00007ffb9517e000 	C:\WINDOWS\SYSTEM32\DNSAPI.dll
0x00007ffb980e0000 - 0x00007ffb980e8000 	C:\WINDOWS\System32\NSI.dll
0x00007ffb95080000 - 0x00007ffb950b8000 	C:\WINDOWS\SYSTEM32\IPHLPAPI.DLL
0x00007ffb7c450000 - 0x00007ffb7c45e000 	C:\WINDOWS\System32\winrnr.dll
0x00007ffb8fbc0000 - 0x00007ffb8fbd5000 	C:\WINDOWS\System32\wshbth.dll
0x00007ffb887e0000 - 0x00007ffb887ea000 	C:\Windows\System32\rasadhlp.dll
0x00007ffb88c60000 - 0x00007ffb88cd2000 	C:\WINDOWS\System32\fwpuclnt.dll
0x00007ffb955e0000 - 0x00007ffb95605000 	C:\WINDOWS\SYSTEM32\bcrypt.dll
0x0000000067910000 - 0x0000000067921000 	C:\Program Files\Java\jdk1.8.0_181\jre\bin\nio.dll
0x0000000180000000 - 0x00000001801f0000 	E:\常用软件\apache-tomcat-8.5.34\bin\tcnative-1.dll
0x00007ffb954b0000 - 0x00007ffb954c7000 	C:\WINDOWS\SYSTEM32\CRYPTSP.dll
0x00007ffb94ee0000 - 0x00007ffb94f13000 	C:\WINDOWS\system32\rsaenh.dll
0x00007ffb95980000 - 0x00007ffb959a8000 	C:\WINDOWS\SYSTEM32\USERENV.dll
0x00007ffb954d0000 - 0x00007ffb954db000 	C:\WINDOWS\SYSTEM32\CRYPTBASE.dll
0x00007ffb8ae20000 - 0x00007ffb8ae36000 	C:\WINDOWS\SYSTEM32\dhcpcsvc6.DLL
0x00007ffb8d690000 - 0x00007ffb8d6aa000 	C:\WINDOWS\SYSTEM32\dhcpcsvc.DLL

VM Arguments:
jvm_args: -javaagent:C:\Program Files\JetBrains\IntelliJ IDEA Community Edition 2018.2.3\lib\idea_rt.jar=60856:C:\Program Files\JetBrains\IntelliJ IDEA Community Edition 2018.2.3\bin -Dfile.encoding=UTF-8 
java_command: cn.burette.demo.SpringBootEsApplication
java_class_path (initial): C:\Program Files\Java\jdk1.8.0_181\jre\lib\charsets.jar;C:\Program Files\Java\jdk1.8.0_181\jre\lib\deploy.jar;C:\Program Files\Java\jdk1.8.0_181\jre\lib\ext\access-bridge-64.jar;C:\Program Files\Java\jdk1.8.0_181\jre\lib\ext\cldrdata.jar;C:\Program Files\Java\jdk1.8.0_181\jre\lib\ext\dnsns.jar;C:\Program Files\Java\jdk1.8.0_181\jre\lib\ext\jaccess.jar;C:\Program Files\Java\jdk1.8.0_181\jre\lib\ext\jfxrt.jar;C:\Program Files\Java\jdk1.8.0_181\jre\lib\ext\localedata.jar;C:\Program Files\Java\jdk1.8.0_181\jre\lib\ext\nashorn.jar;C:\Program Files\Java\jdk1.8.0_181\jre\lib\ext\sunec.jar;C:\Program Files\Java\jdk1.8.0_181\jre\lib\ext\sunjce_provider.jar;C:\Program Files\Java\jdk1.8.0_181\jre\lib\ext\sunmscapi.jar;C:\Program Files\Java\jdk1.8.0_181\jre\lib\ext\sunpkcs11.jar;C:\Program Files\Java\jdk1.8.0_181\jre\lib\ext\zipfs.jar;C:\Program Files\Java\jdk1.8.0_181\jre\lib\javaws.jar;C:\Program Files\Java\jdk1.8.0_181\jre\lib\jce.jar;C:\Program Files\Java\jdk1.8.0_181\jre\lib\jfr.jar;C:\Program Files\Java\jdk1.8.0_181\jre\lib\jfxswt.jar;C:\Program Files\Java\jdk1.8.0_181\jre\lib\jsse.jar;C:\Program Files\Java\jdk1.8.0_181\jre\lib\management-agent.jar;C:\Program Files\Java\jdk1.8.0_181\jre\lib\plugin.jar;C:\Program Files\Java\jdk1.8.0_181\jre\lib\resources.jar;C:\Program Files\Java\jdk1.8.0_181\jre\lib\rt.jar;C:\Users\burette\IdeaProjects\SpringBoot-ES\target\classes;C:\Users\burette\.m2\repository\org\springframework\boot\spring-boot-starter-data-elasticsearch\2.1.4.RELEASE\spring-boot-starter-data-elasticsearch-2.1.4.RELEASE.jar;C:\Users\burette\.m2\repository\org\springframework\boot\spring-boot-starter\2.1.4.RELEASE\spring-boot-starter-2.1.4.RELEASE.jar;C:\Users\burette\.m2\repository\org\springframework\boot\spring-boot\2.1.4.RELEASE\spring-boot-2.1.4.RELEASE.jar;C:\Users\burette\.m2\repository\org\springframework\boot\spring-boot-autoconfigure\2.1.4.RELEASE\spring-boot-autoconfigure-2.1.4.RELEASE.jar;C:\Users\burette\.m2\repository\org\spri
Launcher Type: SUN_STANDARD

Environment Variables:
JAVA_HOME=C:\Program Files\Java\jdk1.8.0_181
CLASSPATH=E:\常用软件\apache-tomcat-8.5.34\lib\servlet-api.jar
PATH=C:\Program Files\Java\jdk1.8.0_181\bin;C:\Program Files\Java\jdk1.8.0_181\jre\bin;C:\Program Files (x86)\Common Files\Oracle\Java\javapath;C:\Program Files\Microsoft MPI\Bin\;C:\WINDOWS\system32;C:\WINDOWS;C:\WINDOWS\System32\Wbem;C:\WINDOWS\System32\WindowsPowerShell\v1.0\;C:\WINDOWS\system32\config\systemprofile\.dnx\bin;C:\Program Files\Microsoft DNX\Dnvm\;C:\Program Files\Microsoft SQL Server\130\Tools\Binn\;C:\WINDOWS\System32\OpenSSH\;C:\Program Files (x86)\Windows Kits\8.1\Windows Performance Toolkit\;C:\Program Files\Microsoft SQL Server\120\Tools\Binn\;C:\Program Files\MySQL\MySQL Utilities 1.6\;D:\opencv\build\x64\vc14\bin;C:\Users\burette\Anaconda3\Scripts;C:\Program Files\Git\cmd;C:\Program Files\MySQL\MySQL Server 5.7\bin;C:\Program Files\nodejs\;C:\Program Files\NVIDIA Corporation\NVSMI;C:\Program Files\Java\apache-maven-3.5.4\bin;C:\Program Files\Redis\;E:\常用软件\apache-tomcat-8.5.34\bin;E:\常用软件\apache-tomcat-8.5.34\lib;D:\software\erl10.3\bin;C:\Users\burette\AppData\Local\Microsoft\WindowsApps;C:\Users\burette\Anaconda3;C:\Program Files\MySQL\MySQL Server 5.7\bin;;C:\Users\burette\AppData\Roaming\npm;C:\Program Files\JetBrains\PyCharm 2018.3.1\bin;;C:\Users\burette\AppData\Local\Programs\Microsoft VS Code\bin
USERNAME=burette
OS=Windows_NT
PROCESSOR_IDENTIFIER=Intel64 Family 6 Model 78 Stepping 3, GenuineIntel



---------------  S Y S T E M  ---------------

OS: Windows 10.0 , 64 bit Build 17134 (10.0.17134.706)

CPU:total 4 (initial active 4) (2 cores per cpu, 2 threads per core) family 6 model 78 stepping 3, cmov, cx8, fxsr, mmx, sse, sse2, sse3, ssse3, sse4.1, sse4.2, popcnt, avx, avx2, aes, clmul, erms, 3dnowpref, lzcnt, ht, tsc, tscinvbit, bmi1, bmi2, adx

Memory: 4k page, physical 8281888k(2090316k free), swap 9101088k(5632k free)

vm_info: Java HotSpot(TM) 64-Bit Server VM (25.181-b13) for windows-amd64 JRE (1.8.0_181-b13), built on Jul  7 2018 04:01:33 by "java_re" with MS VC++ 10.0 (VS2010)

time: Thu May 02 23:59:33 2019
elapsed time: 9 seconds (0d 0h 0m 9s)

