#
# There is insufficient memory for the Java Runtime Environment to continue.
# Native memory allocation (malloc) failed to allocate 668176 bytes for Chunk::new
# Possible reasons:
#   The system is out of physical RAM or swap space
#   In 32 bit mode, the process size limit was hit
# Possible solutions:
#   Reduce memory load on the system
#   Increase physical memory or swap space
#   Check if swap backing store is full
#   Use 64 bit Java on a 64 bit OS
#   Decrease Java heap size (-Xmx/-Xms)
#   Decrease number of Java threads
#   Decrease Java thread stack sizes (-Xss)
#   Set larger code cache with -XX:ReservedCodeCacheSize=
# This output file may be truncated or incomplete.
#
#  Out of Memory Error (allocation.cpp:390), pid=12544, tid=0x0000000000002b58
#
# JRE version: Java(TM) SE Runtime Environment (8.0_181-b13) (build 1.8.0_181-b13)
# Java VM: Java HotSpot(TM) 64-Bit Server VM (25.181-b13 mixed mode windows-amd64 compressed oops)
# Failed to write core dump. Minidumps are not enabled by default on client versions of Windows
#

---------------  T H R E A D  ---------------

Current thread (0x0000000019b18800):  JavaThread "C2 CompilerThread1" daemon [_thread_in_native, id=11096, stack(0x000000001a4a0000,0x000000001a5a0000)]

Stack: [0x000000001a4a0000,0x000000001a5a0000]
[error occurred during error reporting (printing stack bounds), id 0xc0000005]

Native frames: (J=compiled Java code, j=interpreted, Vv=VM code, C=native code)


Current CompileTask:
C2:   3478 1127   !   4       java.net.URL::<init> (543 bytes)


---------------  P R O C E S S  ---------------

Java Threads: ( => current thread )
  0x0000000019fe7000 JavaThread "background-preinit" [_thread_in_vm, id=12820, stack(0x000000001b920000,0x000000001ba20000)]
  0x0000000019bbf000 JavaThread "Service Thread" daemon [_thread_blocked, id=5144, stack(0x000000001a6a0000,0x000000001a7a0000)]
  0x0000000019b6f000 JavaThread "C1 CompilerThread2" daemon [_thread_blocked, id=9064, stack(0x000000001a5a0000,0x000000001a6a0000)]
=>0x0000000019b18800 JavaThread "C2 CompilerThread1" daemon [_thread_in_native, id=11096, stack(0x000000001a4a0000,0x000000001a5a0000)]
  0x0000000019b17800 JavaThread "C2 CompilerThread0" daemon [_thread_blocked, id=13984, stack(0x000000001a3a0000,0x000000001a4a0000)]
  0x0000000019b0e800 JavaThread "Monitor Ctrl-Break" daemon [_thread_in_native, id=1176, stack(0x000000001a2a0000,0x000000001a3a0000)]
  0x00000000194e3800 JavaThread "Attach Listener" daemon [_thread_blocked, id=8872, stack(0x00000000199a0000,0x0000000019aa0000)]
  0x0000000018146800 JavaThread "Signal Dispatcher" daemon [_thread_blocked, id=2488, stack(0x00000000198a0000,0x00000000199a0000)]
  0x00000000033fb000 JavaThread "Finalizer" daemon [_thread_blocked, id=8420, stack(0x00000000193a0000,0x00000000194a0000)]
  0x00000000033f8000 JavaThread "Reference Handler" daemon [_thread_blocked, id=14076, stack(0x00000000192a0000,0x00000000193a0000)]
  0x0000000003309000 JavaThread "main" [_thread_in_vm, id=14800, stack(0x0000000003200000,0x0000000003300000)]

Other Threads:
  0x00000000180f7000 VMThread [stack: 0x00000000191a0000,0x00000000192a0000] [id=11604]
  0x0000000019bc6000 WatcherThread [stack: 0x000000001a7a0000,0x000000001a8a0000] [id=4396]

VM state:not at safepoint (normal execution)

VM Mutex/Monitor currently owned by a thread: None

Heap:
 PSYoungGen      total 38400K, used 33343K [0x00000000d5e00000, 0x00000000d8880000, 0x0000000100000000)
  eden space 33280K, 84% used [0x00000000d5e00000,0x00000000d7992d70,0x00000000d7e80000)
  from space 5120K, 99% used [0x00000000d8380000,0x00000000d887d1f0,0x00000000d8880000)
  to   space 5120K, 0% used [0x00000000d7e80000,0x00000000d7e80000,0x00000000d8380000)
 ParOldGen       total 87552K, used 244K [0x0000000081a00000, 0x0000000086f80000, 0x00000000d5e00000)
  object space 87552K, 0% used [0x0000000081a00000,0x0000000081a3d0f0,0x0000000086f80000)
 Metaspace       used 14251K, capacity 14684K, committed 14848K, reserved 1062912K
  class space    used 1844K, capacity 1986K, committed 2048K, reserved 1048576K

Card table byte_map: [0x00000000129b0000,0x0000000012db0000] byte_map_base: 0x00000000125a3000

Marking Bits: (ParMarkBitMap*) 0x00000000681d2d00
 Begin Bits: [0x0000000013460000, 0x00000000153f8000)
 End Bits:   [0x00000000153f8000, 0x0000000017390000)

Polling page: 0x0000000001170000

CodeCache: size=245760Kb used=4075Kb max_used=4087Kb free=241684Kb
 bounds [0x00000000035f0000, 0x00000000039f0000, 0x00000000125f0000]
 total_blobs=1474 nmethods=1140 adapters=247
 compilation: enabled

Compilation events (10 events):
Event: 3.386 Thread 0x0000000019b17800 1135       4       java.util.concurrent.ConcurrentHashMap$Node::<init> (26 bytes)
Event: 3.387 Thread 0x0000000019b17800 nmethod 1135 0x00000000039d0010 code [0x00000000039d0140, 0x00000000039d01d8]
Event: 3.388 Thread 0x0000000019b17800 1136 % !   4       java.util.concurrent.ConcurrentHashMap::transfer @ 99 (832 bytes)
Event: 3.401 Thread 0x0000000019b6f000 1138       3       java.lang.invoke.CallSite::maybeReBox (28 bytes)
Event: 3.401 Thread 0x0000000019b6f000 nmethod 1138 0x00000000039eb5d0 code [0x00000000039eb760, 0x00000000039ebdf0]
Event: 3.409 Thread 0x0000000019b17800 nmethod 1136% 0x00000000039ee8d0 code [0x00000000039eea60, 0x00000000039ef808]
Event: 3.439 Thread 0x0000000019b6f000 1139       3       sun.reflect.MagicAccessorImpl::<init> (5 bytes)
Event: 3.439 Thread 0x0000000019b6f000 nmethod 1139 0x00000000039eb210 code [0x00000000039eb360, 0x00000000039eb510]
Event: 3.466 Thread 0x0000000019b6f000 1141       3       java.util.Collections::emptyIterator (4 bytes)
Event: 3.467 Thread 0x0000000019b6f000 nmethod 1141 0x00000000039eab90 code [0x00000000039eace0, 0x00000000039eae10]

GC Heap History (4 events):
Event: 2.683 GC heap before
{Heap before GC invocations=1 (full 0):
 PSYoungGen      total 38400K, used 33280K [0x00000000d5e00000, 0x00000000d8880000, 0x0000000100000000)
  eden space 33280K, 100% used [0x00000000d5e00000,0x00000000d7e80000,0x00000000d7e80000)
  from space 5120K, 0% used [0x00000000d8380000,0x00000000d8380000,0x00000000d8880000)
  to   space 5120K, 0% used [0x00000000d7e80000,0x00000000d7e80000,0x00000000d8380000)
 ParOldGen       total 87552K, used 0K [0x0000000081a00000, 0x0000000086f80000, 0x00000000d5e00000)
  object space 87552K, 0% used [0x0000000081a00000,0x0000000081a00000,0x0000000086f80000)
 Metaspace       used 9268K, capacity 9496K, committed 9600K, reserved 1058816K
  class space    used 1072K, capacity 1146K, committed 1152K, reserved 1048576K
Event: 2.695 GC heap after
Heap after GC invocations=1 (full 0):
 PSYoungGen      total 38400K, used 4395K [0x00000000d5e00000, 0x00000000d8880000, 0x0000000100000000)
  eden space 33280K, 0% used [0x00000000d5e00000,0x00000000d5e00000,0x00000000d7e80000)
  from space 5120K, 85% used [0x00000000d7e80000,0x00000000d82cad08,0x00000000d8380000)
  to   space 5120K, 0% used [0x00000000d8380000,0x00000000d8380000,0x00000000d8880000)
 ParOldGen       total 87552K, used 8K [0x0000000081a00000, 0x0000000086f80000, 0x00000000d5e00000)
  object space 87552K, 0% used [0x0000000081a00000,0x0000000081a02000,0x0000000086f80000)
 Metaspace       used 9268K, capacity 9496K, committed 9600K, reserved 1058816K
  class space    used 1072K, capacity 1146K, committed 1152K, reserved 1048576K
}
Event: 3.126 GC heap before
{Heap before GC invocations=2 (full 0):
 PSYoungGen      total 38400K, used 37675K [0x00000000d5e00000, 0x00000000d8880000, 0x0000000100000000)
  eden space 33280K, 100% used [0x00000000d5e00000,0x00000000d7e80000,0x00000000d7e80000)
  from space 5120K, 85% used [0x00000000d7e80000,0x00000000d82cad08,0x00000000d8380000)
  to   space 5120K, 0% used [0x00000000d8380000,0x00000000d8380000,0x00000000d8880000)
 ParOldGen       total 87552K, used 8K [0x0000000081a00000, 0x0000000086f80000, 0x00000000d5e00000)
  object space 87552K, 0% used [0x0000000081a00000,0x0000000081a02000,0x0000000086f80000)
 Metaspace       used 12805K, capacity 13236K, committed 13568K, reserved 1060864K
  class space    used 1591K, capacity 1696K, committed 1792K, reserved 1048576K
Event: 3.138 GC heap after
Heap after GC invocations=2 (full 0):
 PSYoungGen      total 38400K, used 5108K [0x00000000d5e00000, 0x00000000d8880000, 0x0000000100000000)
  eden space 33280K, 0% used [0x00000000d5e00000,0x00000000d5e00000,0x00000000d7e80000)
  from space 5120K, 99% used [0x00000000d8380000,0x00000000d887d1f0,0x00000000d8880000)
  to   space 5120K, 0% used [0x00000000d7e80000,0x00000000d7e80000,0x00000000d8380000)
 ParOldGen       total 87552K, used 244K [0x0000000081a00000, 0x0000000086f80000, 0x00000000d5e00000)
  object space 87552K, 0% used [0x0000000081a00000,0x0000000081a3d0f0,0x0000000086f80000)
 Metaspace       used 12805K, capacity 13236K, committed 13568K, reserved 1060864K
  class space    used 1591K, capacity 1696K, committed 1792K, reserved 1048576K
}

Deoptimization events (4 events):
Event: 1.223 Thread 0x0000000003309000 Uncommon trap: reason=unstable_if action=reinterpret pc=0x000000000377d02c method=sun.misc.MetaIndex.mayContain(Ljava/lang/String;)Z @ 13
Event: 1.304 Thread 0x0000000003309000 Uncommon trap: reason=unstable_if action=reinterpret pc=0x000000000379e530 method=java.util.zip.ZipCoder.encoder()Ljava/nio/charset/CharsetEncoder; @ 4
Event: 2.364 Thread 0x0000000003309000 Uncommon trap: reason=unstable_if action=reinterpret pc=0x0000000003795978 method=java.lang.String.indexOf([CII[CIII)I @ 3
Event: 2.440 Thread 0x0000000019fe7000 Uncommon trap: reason=range_check action=make_not_entrant pc=0x00000000038a7660 method=sun.reflect.generics.parser.SignatureParser.current()C @ 34

Classes redefined (0 events):
No events

Internal exceptions (10 events):
Event: 2.317 Thread 0x0000000003309000 Exception <a 'java/lang/ArrayIndexOutOfBoundsException'> (0x00000000d736ed80) thrown at [C:\re\workspace\8-2-build-windows-amd64-cygwin\jdk8u181\11358\hotspot\src\share\vm\runtime\sharedRuntime.cpp, line 605]
Event: 2.318 Thread 0x0000000003309000 Exception <a 'java/lang/ArrayIndexOutOfBoundsException'> (0x00000000d7370b60) thrown at [C:\re\workspace\8-2-build-windows-amd64-cygwin\jdk8u181\11358\hotspot\src\share\vm\runtime\sharedRuntime.cpp, line 605]
Event: 2.318 Thread 0x0000000003309000 Exception <a 'java/lang/ArrayIndexOutOfBoundsException'> (0x00000000d7373400) thrown at [C:\re\workspace\8-2-build-windows-amd64-cygwin\jdk8u181\11358\hotspot\src\share\vm\runtime\sharedRuntime.cpp, line 605]
Event: 2.319 Thread 0x0000000003309000 Exception <a 'java/lang/ArrayIndexOutOfBoundsException'> (0x00000000d737c370) thrown at [C:\re\workspace\8-2-build-windows-amd64-cygwin\jdk8u181\11358\hotspot\src\share\vm\runtime\sharedRuntime.cpp, line 605]
Event: 2.320 Thread 0x0000000003309000 Exception <a 'java/lang/ArrayIndexOutOfBoundsException'> (0x00000000d73840c0) thrown at [C:\re\workspace\8-2-build-windows-amd64-cygwin\jdk8u181\11358\hotspot\src\share\vm\runtime\sharedRuntime.cpp, line 605]
Event: 2.320 Thread 0x0000000003309000 Exception <a 'java/lang/ArrayIndexOutOfBoundsException'> (0x00000000d7385ca8) thrown at [C:\re\workspace\8-2-build-windows-amd64-cygwin\jdk8u181\11358\hotspot\src\share\vm\runtime\sharedRuntime.cpp, line 605]
Event: 2.406 Thread 0x0000000003309000 Exception <a 'java/io/FileNotFoundException'> (0x00000000d760d358) thrown at [C:\re\workspace\8-2-build-windows-amd64-cygwin\jdk8u181\11358\hotspot\src\share\vm\prims\jni.cpp, line 709]
Event: 2.440 Thread 0x0000000019fe7000 Exception <a 'java/lang/ArrayIndexOutOfBoundsException': 182> (0x00000000d777cab8) thrown at [C:\re\workspace\8-2-build-windows-amd64-cygwin\jdk8u181\11358\hotspot\src\share\vm\interpreter\interpreterRuntime.cpp, line 366]
Event: 2.441 Thread 0x0000000019fe7000 Exception <a 'java/lang/ArrayIndexOutOfBoundsException': 60> (0x00000000d777dc00) thrown at [C:\re\workspace\8-2-build-windows-amd64-cygwin\jdk8u181\11358\hotspot\src\share\vm\interpreter\interpreterRuntime.cpp, line 366]
Event: 2.951 Thread 0x0000000003309000 Exception <a 'java/lang/NoSuchMethodError': java.lang.Object.lambda$chars$0()Ljava/util/Spliterator$OfInt;> (0x00000000d70f9e08) thrown at [C:\re\workspace\8-2-build-windows-amd64-cygwin\jdk8u181\11358\hotspot\src\share\vm\interpreter\linkResolver.cpp, li

Events (10 events):
Event: 3.468 loading class org/hibernate/validator/internal/constraintvalidators/hv/pl/PESELValidator
Event: 3.468 loading class org/hibernate/validator/internal/constraintvalidators/hv/pl/PESELValidator done
Event: 3.468 loading class org/hibernate/validator/constraints/NotBlank
Event: 3.468 loading class org/hibernate/validator/constraints/NotBlank done
Event: 3.469 loading class org/hibernate/validator/internal/constraintvalidators/hv/NotBlankValidator
Event: 3.469 loading class org/hibernate/validator/internal/constraintvalidators/hv/NotBlankValidator done
Event: 3.470 loading class org/hibernate/validator/constraints/ParameterScriptAssert
Event: 3.470 loading class org/hibernate/validator/constraints/ParameterScriptAssert done
Event: 3.470 loading class org/hibernate/validator/internal/constraintvalidators/hv/ParameterScriptAssertValidator
Event: 3.470 loading class org/hibernate/validator/internal/constraintvalidators/hv/ParameterScriptAssertValidator done


Dynamic libraries:
0x00007ff7992c0000 - 0x00007ff7992f7000 	C:\Program Files\Java\jdk1.8.0_181\bin\java.exe
0x00007ffb99770000 - 0x00007ffb99951000 	C:\WINDOWS\SYSTEM32\ntdll.dll
0x00007ffb98f30000 - 0x00007ffb98fe1000 	C:\WINDOWS\System32\KERNEL32.DLL
0x00007ffb96780000 - 0x00007ffb969f3000 	C:\WINDOWS\System32\KERNELBASE.dll
0x00007ffb98ff0000 - 0x00007ffb99091000 	C:\WINDOWS\System32\ADVAPI32.dll
0x00007ffb98c60000 - 0x00007ffb98cfe000 	C:\WINDOWS\System32\msvcrt.dll
0x00007ffb99530000 - 0x00007ffb9958b000 	C:\WINDOWS\System32\sechost.dll
0x00007ffb98620000 - 0x00007ffb98744000 	C:\WINDOWS\System32\RPCRT4.dll
0x00007ffb99590000 - 0x00007ffb99720000 	C:\WINDOWS\System32\USER32.dll
0x00007ffb95f60000 - 0x00007ffb95f80000 	C:\WINDOWS\System32\win32u.dll
0x00007ffb98c20000 - 0x00007ffb98c48000 	C:\WINDOWS\System32\GDI32.dll
0x00007ffb96a00000 - 0x00007ffb96b92000 	C:\WINDOWS\System32\gdi32full.dll
0x00007ffb95f80000 - 0x00007ffb9601f000 	C:\WINDOWS\System32\msvcp_win.dll
0x00007ffb95db0000 - 0x00007ffb95ea8000 	C:\WINDOWS\System32\ucrtbase.dll
0x00007ffb898e0000 - 0x00007ffb89b49000 	C:\WINDOWS\WinSxS\amd64_microsoft.windows.common-controls_6595b64144ccf1df_6.0.17134.706_none_fb43a2cb30647007\COMCTL32.dll
0x00007ffb99200000 - 0x00007ffb99522000 	C:\WINDOWS\System32\combase.dll
0x00007ffb95b40000 - 0x00007ffb95bba000 	C:\WINDOWS\System32\bcryptPrimitives.dll
0x00007ffb96c00000 - 0x00007ffb96c2d000 	C:\WINDOWS\System32\IMM32.DLL
0x0000000068260000 - 0x0000000068332000 	C:\Program Files\Java\jdk1.8.0_181\jre\bin\msvcr100.dll
0x00000000679b0000 - 0x0000000068252000 	C:\Program Files\Java\jdk1.8.0_181\jre\bin\server\jvm.dll
0x00007ffb98070000 - 0x00007ffb98078000 	C:\WINDOWS\System32\PSAPI.DLL
0x00007ffb914a0000 - 0x00007ffb914a9000 	C:\WINDOWS\SYSTEM32\WSOCK32.dll
0x00007ffb981e0000 - 0x00007ffb9824c000 	C:\WINDOWS\System32\WS2_32.dll
0x00007ffb8fd90000 - 0x00007ffb8fdb3000 	C:\WINDOWS\SYSTEM32\WINMM.dll
0x00007ffb8f890000 - 0x00007ffb8f89a000 	C:\WINDOWS\SYSTEM32\VERSION.dll
0x00007ffb8fd60000 - 0x00007ffb8fd8a000 	C:\WINDOWS\SYSTEM32\WINMMBASE.dll
0x00007ffb96020000 - 0x00007ffb96069000 	C:\WINDOWS\System32\cfgmgr32.dll
0x00000000679a0000 - 0x00000000679af000 	C:\Program Files\Java\jdk1.8.0_181\jre\bin\verify.dll
0x0000000067970000 - 0x0000000067999000 	C:\Program Files\Java\jdk1.8.0_181\jre\bin\java.dll
0x0000000067780000 - 0x00000000677a3000 	C:\Program Files\Java\jdk1.8.0_181\jre\bin\instrument.dll
0x0000000067950000 - 0x0000000067966000 	C:\Program Files\Java\jdk1.8.0_181\jre\bin\zip.dll
0x00007ffb96c30000 - 0x00007ffb98070000 	C:\WINDOWS\System32\SHELL32.dll
0x00007ffb98e80000 - 0x00007ffb98f29000 	C:\WINDOWS\System32\shcore.dll
0x00007ffb96070000 - 0x00007ffb9677d000 	C:\WINDOWS\System32\windows.storage.dll
0x00007ffb98080000 - 0x00007ffb980d1000 	C:\WINDOWS\System32\shlwapi.dll
0x00007ffb95ae0000 - 0x00007ffb95af1000 	C:\WINDOWS\System32\kernel.appcore.dll
0x00007ffb95b00000 - 0x00007ffb95b1f000 	C:\WINDOWS\System32\profapi.dll
0x00007ffb95a90000 - 0x00007ffb95adc000 	C:\WINDOWS\System32\powrprof.dll
0x00007ffb95a80000 - 0x00007ffb95a8a000 	C:\WINDOWS\System32\FLTLIB.DLL
0x00007ffb911a0000 - 0x00007ffb911ba000 	C:\Program Files\JetBrains\IntelliJ IDEA Community Edition 2018.2.3\bin\breakgen64.dll
0x0000000067930000 - 0x000000006794a000 	C:\Program Files\Java\jdk1.8.0_181\jre\bin\net.dll
0x00007ffb95300000 - 0x00007ffb95366000 	C:\WINDOWS\system32\mswsock.dll
0x0000000067900000 - 0x000000006790d000 	C:\Program Files\Java\jdk1.8.0_181\jre\bin\management.dll
0x00007ffb7c2e0000 - 0x00007ffb7c2f6000 	C:\WINDOWS\system32\napinsp.dll
0x00007ffb7c2c0000 - 0x00007ffb7c2da000 	C:\WINDOWS\system32\pnrpnsp.dll
0x00007ffb92890000 - 0x00007ffb928a9000 	C:\WINDOWS\system32\NLAapi.dll
0x00007ffb950c0000 - 0x00007ffb9517e000 	C:\WINDOWS\SYSTEM32\DNSAPI.dll
0x00007ffb980e0000 - 0x00007ffb980e8000 	C:\WINDOWS\System32\NSI.dll
0x00007ffb95080000 - 0x00007ffb950b8000 	C:\WINDOWS\SYSTEM32\IPHLPAPI.DLL
0x00007ffb7c450000 - 0x00007ffb7c45e000 	C:\WINDOWS\System32\winrnr.dll
0x00007ffb8fbc0000 - 0x00007ffb8fbd5000 	C:\WINDOWS\System32\wshbth.dll
0x00007ffb887e0000 - 0x00007ffb887ea000 	C:\Windows\System32\rasadhlp.dll
0x00007ffb88c60000 - 0x00007ffb88cd2000 	C:\WINDOWS\System32\fwpuclnt.dll
0x00007ffb955e0000 - 0x00007ffb95605000 	C:\WINDOWS\SYSTEM32\bcrypt.dll

VM Arguments:
jvm_args: -javaagent:C:\Program Files\JetBrains\IntelliJ IDEA Community Edition 2018.2.3\lib\idea_rt.jar=60765:C:\Program Files\JetBrains\IntelliJ IDEA Community Edition 2018.2.3\bin -Dfile.encoding=UTF-8 
java_command: cn.burette.demo.SpringBootEsApplication
java_class_path (initial): C:\Program Files\Java\jdk1.8.0_181\jre\lib\charsets.jar;C:\Program Files\Java\jdk1.8.0_181\jre\lib\deploy.jar;C:\Program Files\Java\jdk1.8.0_181\jre\lib\ext\access-bridge-64.jar;C:\Program Files\Java\jdk1.8.0_181\jre\lib\ext\cldrdata.jar;C:\Program Files\Java\jdk1.8.0_181\jre\lib\ext\dnsns.jar;C:\Program Files\Java\jdk1.8.0_181\jre\lib\ext\jaccess.jar;C:\Program Files\Java\jdk1.8.0_181\jre\lib\ext\jfxrt.jar;C:\Program Files\Java\jdk1.8.0_181\jre\lib\ext\localedata.jar;C:\Program Files\Java\jdk1.8.0_181\jre\lib\ext\nashorn.jar;C:\Program Files\Java\jdk1.8.0_181\jre\lib\ext\sunec.jar;C:\Program Files\Java\jdk1.8.0_181\jre\lib\ext\sunjce_provider.jar;C:\Program Files\Java\jdk1.8.0_181\jre\lib\ext\sunmscapi.jar;C:\Program Files\Java\jdk1.8.0_181\jre\lib\ext\sunpkcs11.jar;C:\Program Files\Java\jdk1.8.0_181\jre\lib\ext\zipfs.jar;C:\Program Files\Java\jdk1.8.0_181\jre\lib\javaws.jar;C:\Program Files\Java\jdk1.8.0_181\jre\lib\jce.jar;C:\Program Files\Java\jdk1.8.0_181\jre\lib\jfr.jar;C:\Program Files\Java\jdk1.8.0_181\jre\lib\jfxswt.jar;C:\Program Files\Java\jdk1.8.0_181\jre\lib\jsse.jar;C:\Program Files\Java\jdk1.8.0_181\jre\lib\management-agent.jar;C:\Program Files\Java\jdk1.8.0_181\jre\lib\plugin.jar;C:\Program Files\Java\jdk1.8.0_181\jre\lib\resources.jar;C:\Program Files\Java\jdk1.8.0_181\jre\lib\rt.jar;C:\Users\burette\IdeaProjects\SpringBoot-ES\target\classes;C:\Users\burette\.m2\repository\org\springframework\boot\spring-boot-starter-data-elasticsearch\2.1.4.RELEASE\spring-boot-starter-data-elasticsearch-2.1.4.RELEASE.jar;C:\Users\burette\.m2\repository\org\springframework\boot\spring-boot-starter\2.1.4.RELEASE\spring-boot-starter-2.1.4.RELEASE.jar;C:\Users\burette\.m2\repository\org\springframework\boot\spring-boot\2.1.4.RELEASE\spring-boot-2.1.4.RELEASE.jar;C:\Users\burette\.m2\repository\org\springframework\boot\spring-boot-autoconfigure\2.1.4.RELEASE\spring-boot-autoconfigure-2.1.4.RELEASE.jar;C:\Users\burette\.m2\repository\org\spri
Launcher Type: SUN_STANDARD

Environment Variables:
JAVA_HOME=C:\Program Files\Java\jdk1.8.0_181
CLASSPATH=E:\常用软件\apache-tomcat-8.5.34\lib\servlet-api.jar
PATH=C:\Program Files\Java\jdk1.8.0_181\bin;C:\Program Files\Java\jdk1.8.0_181\jre\bin;C:\Program Files (x86)\Common Files\Oracle\Java\javapath;C:\Program Files\Microsoft MPI\Bin\;C:\WINDOWS\system32;C:\WINDOWS;C:\WINDOWS\System32\Wbem;C:\WINDOWS\System32\WindowsPowerShell\v1.0\;C:\WINDOWS\system32\config\systemprofile\.dnx\bin;C:\Program Files\Microsoft DNX\Dnvm\;C:\Program Files\Microsoft SQL Server\130\Tools\Binn\;C:\WINDOWS\System32\OpenSSH\;C:\Program Files (x86)\Windows Kits\8.1\Windows Performance Toolkit\;C:\Program Files\Microsoft SQL Server\120\Tools\Binn\;C:\Program Files\MySQL\MySQL Utilities 1.6\;D:\opencv\build\x64\vc14\bin;C:\Users\burette\Anaconda3\Scripts;C:\Program Files\Git\cmd;C:\Program Files\MySQL\MySQL Server 5.7\bin;C:\Program Files\nodejs\;C:\Program Files\NVIDIA Corporation\NVSMI;C:\Program Files\Java\apache-maven-3.5.4\bin;C:\Program Files\Redis\;E:\常用软件\apache-tomcat-8.5.34\bin;E:\常用软件\apache-tomcat-8.5.34\lib;D:\software\erl10.3\bin;C:\Users\burette\AppData\Local\Microsoft\WindowsApps;C:\Users\burette\Anaconda3;C:\Program Files\MySQL\MySQL Server 5.7\bin;;C:\Users\burette\AppData\Roaming\npm;C:\Program Files\JetBrains\PyCharm 2018.3.1\bin;;C:\Users\burette\AppData\Local\Programs\Microsoft VS Code\bin
USERNAME=burette
OS=Windows_NT
PROCESSOR_IDENTIFIER=Intel64 Family 6 Model 78 Stepping 3, GenuineIntel



---------------  S Y S T E M  ---------------

OS: Windows 10.0 , 64 bit Build 17134 (10.0.17134.706)

CPU:total 4 (initial active 4) (2 cores per cpu, 2 threads per core) family 6 model 78 stepping 3, cmov, cx8, fxsr, mmx, sse, sse2, sse3, ssse3, sse4.1, sse4.2, popcnt, avx, avx2, aes, clmul, erms, 3dnowpref, lzcnt, ht, tsc, tscinvbit, bmi1, bmi2, adx

Memory: 4k page, physical 8281888k(2186204k free), swap 9101088k(5412k free)

vm_info: Java HotSpot(TM) 64-Bit Server VM (25.181-b13) for windows-amd64 JRE (1.8.0_181-b13), built on Jul  7 2018 04:01:33 by "java_re" with MS VC++ 10.0 (VS2010)

time: Thu May 02 23:58:03 2019
elapsed time: 3 seconds (0d 0h 0m 3s)

